<?xml version="1.0" encoding="UTF-8"?>
<!-- Generated by org.testng.reporters.JUnitReportReporter -->
<testsuite hostname="DESKTOP-30QAP3B" name="first.testNG.example.GroupTest" tests="1" failures="0" timestamp="22 Sep 2017 17:30:09 GMT" time="0.006" errors="0">
  <testcase name="firstGroup" time="0.006" classname="first.testNG.example.GroupTest"/>
</testsuite> <!-- first.testNG.example.GroupTest -->
