<?xml version="1.0" encoding="UTF-8"?>
<!-- Generated by org.testng.reporters.JUnitReportReporter -->
<testsuite hostname="DESKTOP-30QAP3B" name="first.testNG.example.TestNGDemo" tests="2" failures="0" timestamp="22 Sep 2017 17:30:37 GMT" time="0.001" errors="0">
  <testcase name="makeit" time="0.000" classname="first.testNG.example.TestNGDemo"/>
  <testcase name="makeitTwo" time="0.001" classname="first.testNG.example.TestNGDemo"/>
</testsuite> <!-- first.testNG.example.TestNGDemo -->
