<?xml version="1.0" encoding="UTF-8"?>
<!-- Generated by org.testng.reporters.JUnitReportReporter -->
<testsuite hostname="DESKTOP-30QAP3B" name="first.testNG.example.TestNGMoreDemo" tests="2" failures="0" timestamp="22 Sep 2017 17:30:37 GMT" time="1.004" errors="0">
  <testcase name="firstTest" time="0.000" classname="first.testNG.example.TestNGMoreDemo"/>
  <testcase name="secondTest" time="1.004" classname="first.testNG.example.TestNGMoreDemo"/>
</testsuite> <!-- first.testNG.example.TestNGMoreDemo -->
